Turbo Assembler	 Version 4.1	    03/02/23 20:55:57	    Page 1
memset.asm



      1	0000			     .model tiny
      2	0000			     .code
      3
      4				     org 100h
      5
      6				     locals @@
      7
      8	0100  B8 0009		     Start:  mov ax, word ptr 9
      9	0103  50			     push ax
     10
     11	0104  B8 0002			     mov ax, word ptr 2
     12	0107  50			     push ax
     13
     14	0108  B8 0373r			     mov ax, offset outl
     15	010B  40			     inc ax
     16	010C  50			     push ax
     17
     18	010D  E8 0009			     call memset
     19
     20	0110  4E			     dec si
     21
     22	0111  E8 001B			     call fout
     23
     24	0114  B8 4C00			     mov ax, 04C00h
     25	0117  CD 21			     int 21h
     26
     27				     include memset.asi
1    28				     ;void *memset(
1    29				     ;	 void *dest,
1    30				     ;	 int c,
1    31				     ;	 size_t	count
1    32				     ;);
1    33
1    34	0119			     memset  proc
1    35	0119  55			     push bp
1    36	011A  8B EC			     mov bp, sp
1    37
1    38	011C  8B 7E 04			     mov di, [bp + 4]
1    39
1    40	011F  8B 46 06			     mov ax, [bp + 6]
1    41
1    42	0122  8B 4E 08			     mov cx, [bp + 8]
1    43
1    44	0125  AA		     @@Next: stosb
1    45
1    46	0126  E2 FD			     loop @@Next
1    47
1    48	0128  8B 76 04			     mov si, [bp + 4]
1    49
1    50	012B  8B E5			     mov sp, bp
1    51	012D  5D			     pop bp
1    52	012E  C3			     ret
1    53	012F				     endp
     54
     55				     include out.asi
1    56				     ; pls si
1    57
Turbo Assembler	 Version 4.1	    03/02/23 20:55:57	    Page 2
memset.asm



1    58	012F			     fout    proc
1    59	012F  55			     push bp
1    60	0130  8B EC			     mov bp, sp
1    61
1    62	0132  56			     push si
1    63
1    64	0133  B4 1E			     mov ah, 1Eh
1    65
1    66	0135  BF B800			     mov di, 0B800h
1    67	0138  8E C7			     mov es, di
1    68
1    69	013A  BF 0334			     mov di, (80 * 5 + 10) * 2
1    70
1    71	013D  B6 0F			     mov dh, 15
1    72	013F  B2 3C			     mov dl, 60
1    73
1    74	0141  BE 0366r			     mov si, offset frame
1    75
1    76	0144  E8 0019			     call Border
1    77
1    78	0147  5E			     pop si
1    79
1    80	0148  8A 1C			     mov bl, byte ptr [si]
1    81	014A  32 FF			     xor bh, bh
1    82
1    83	014C  46			     inc si
1    84
1    85	014D  32 E4			     xor ah, ah
1    86	014F  8A C3			     mov al, bl
1    87
1    88	0151  B2 0A			     mov dl, 10
1    89	0153  F6 F2			     div dl
1    90
1    91	0155  8A D4			     mov dl, ah
1    92	0157  8A F0			     mov dh, al
1    93
1    94	0159  E8 0068			     call Text
1    95
1    96	015C  8B E5			     mov sp, bp
1    97	015E  5D			     pop bp
1    98	015F  C3			     ret
1    99	0160				     endp
1   100
1   101				     include bordre.asi
2   102				     ;
2   103				     ; args - ah, di, dl, si
2   104				     ; ah - attribute
2   105				     ; di - start
2   106				     ; dl - width
2   107				     ; si - border source
2   108				     ; dh - height
2   109				     ; destroys	- dohuya
2   110				     ;
2   111
2   112	0160			     Border  proc
2   113	0160  55			     push bp
2   114	0161  8B EC			     mov bp, sp
Turbo Assembler	 Version 4.1	    03/02/23 20:55:57	    Page 3
memset.asm



2   115
2   116	0163  55			     push bp
2   117
2   118	0164  E8 0048			     call String
2   119
2   120	0167  81 C7 00A0		     add di, 80	* 2
2   121
2   122	016B  32 FF			     xor bh, bh
2   123	016D  8A DA			     mov bl, dl
2   124
2   125	016F  2B FB			     sub di, bx
2   126	0171  2B FB			     sub di, bx
2   127
2   128	0173  8B EA			     mov bp, dx
2   129	0175  81 E5 FF00		     and bp, 0FF00h
2   130	0179  D1 ED D1 ED D1 ED	D1+	     shr bp, 8
    131	      ED D1 ED D1 ED D1	ED+
    132	      D1 ED
2   133	0189  83 ED 02			     sub bp, 2
2   134
2   135	018C  E8 0020		     zaloop: call String
2   136
2   137	018F  83 EE 03			     sub si, 3
2   138
2   139	0192  81 C7 00A0		     add di, 80	* 2
2   140
2   141	0196  32 FF			     xor bh, bh
2   142	0198  8A DA			     mov bl, dl
2   143
2   144	019A  2B FB			     sub di, bx
2   145	019C  2B FB			     sub di, bx
2   146
2   147	019E  4D			     dec bp
2   148
2   149	019F  83 FD 00			     cmp bp, 0
2   150	01A2  75 E8			     jne zaloop
2   151
2   152	01A4  83 C6 03			     add si, 3
2   153
2   154	01A7  E8 0005			     call String
2   155
2   156	01AA  5D			     pop bp
2   157
2   158	01AB  8B E5			     mov sp, bp
2   159	01AD  5D			     pop bp
2   160	01AE  C3			     ret
2   161	01AF				     endp
2   162
2   163					     include string.asi
3   164				     ;
3   165				     ; args - ah, di, dl
3   166				     ; ah - attribute
3   167				     ; di - start
3   168				     ; dl - length
3   169				     ; destroys	- si, cx
3   170				     ;
3   171
Turbo Assembler	 Version 4.1	    03/02/23 20:55:57	    Page 4
memset.asm



3   172	01AF			     String  proc
3   173
3   174	01AF  AC			     lodsb
3   175	01B0  AB			     stosw
3   176
3   177	01B1  AC			     lodsb
3   178
3   179	01B2  8A CA			     mov cl, dl
3   180	01B4  80 E9 02			     sub cl, 2
3   181	01B7  32 ED			     xor ch, ch
3   182
3   183	01B9  26: 89 05		     @@Next: mov es:[di], ax
3   184
3   185	01BC  83 C7 02			     add di, 2
3   186
3   187	01BF  E2 F8			     loop @@Next
3   188
3   189	01C1  AC			     lodsb
3   190	01C2  AB			     stosw
3   191
3   192	01C3  C3			     ret
3   193	01C4				     endp
1   194				     include text.asi
2   195	01C4			     Text    proc
2   196
2   197	01C4  BF 07D0			     mov di, 80	* 25
2   198
2   199	01C7  8B C2			     mov ax, dx
2   200	01C9  32 E4			     xor ah, ah		      ;	dl в общ
2   201
2   202	01CB  80 FE 00			     cmp dh, 0
2   203	01CE  75 03			     jne not_smol_txt1		  ; концептуально - сначала	идет    +
    204				     распечатка "больших" строк, а потом маленькой; ну и    +
    205				     здесь	джамп сразу к распечатке маленькой; важно не   +
    206				     проебать dl
2   207
2   208	01D0  E9 0179			     jmp smol_txt
2   209
2   210	01D3			     not_smol_txt1:
2   211
2   212	01D3  83 EF 0A			     sub di, word ptr 10
2   213
2   214	01D6  32 E4			     xor ah, ah
2   215	01D8  8A C6			     mov al, dh
2   216
2   217	01DA  B1 02			     mov cl, 2
2   218	01DC  F6 F1			     div cl
2   219
2   220					     REPT 160
2   221
2   222					     sub di, ax
2   223
2   224					     ENDM
3   225
3   226	01DE  2B F8			     sub di, ax
3   227
3   228
Turbo Assembler	 Version 4.1	    03/02/23 20:55:57	    Page 5
memset.asm



3   229	01E0  2B F8			     sub di, ax
3   230
3   231
3   232	01E2  2B F8			     sub di, ax
3   233
3   234
3   235	01E4  2B F8			     sub di, ax
3   236
3   237
3   238	01E6  2B F8			     sub di, ax
3   239
3   240
3   241	01E8  2B F8			     sub di, ax
3   242
3   243
3   244	01EA  2B F8			     sub di, ax
3   245
3   246
3   247	01EC  2B F8			     sub di, ax
3   248
3   249
3   250	01EE  2B F8			     sub di, ax
3   251
3   252
3   253	01F0  2B F8			     sub di, ax
3   254
3   255
3   256	01F2  2B F8			     sub di, ax
3   257
3   258
3   259	01F4  2B F8			     sub di, ax
3   260
3   261
3   262	01F6  2B F8			     sub di, ax
3   263
3   264
3   265	01F8  2B F8			     sub di, ax
3   266
3   267
3   268	01FA  2B F8			     sub di, ax
3   269
3   270
3   271	01FC  2B F8			     sub di, ax
3   272
3   273
3   274	01FE  2B F8			     sub di, ax
3   275
3   276
3   277	0200  2B F8			     sub di, ax
3   278
3   279
3   280	0202  2B F8			     sub di, ax
3   281
3   282
3   283	0204  2B F8			     sub di, ax
3   284
3   285
Turbo Assembler	 Version 4.1	    03/02/23 20:55:57	    Page 6
memset.asm



3   286	0206  2B F8			     sub di, ax
3   287
3   288
3   289	0208  2B F8			     sub di, ax
3   290
3   291
3   292	020A  2B F8			     sub di, ax
3   293
3   294
3   295	020C  2B F8			     sub di, ax
3   296
3   297
3   298	020E  2B F8			     sub di, ax
3   299
3   300
3   301	0210  2B F8			     sub di, ax
3   302
3   303
3   304	0212  2B F8			     sub di, ax
3   305
3   306
3   307	0214  2B F8			     sub di, ax
3   308
3   309
3   310	0216  2B F8			     sub di, ax
3   311
3   312
3   313	0218  2B F8			     sub di, ax
3   314
3   315
3   316	021A  2B F8			     sub di, ax
3   317
3   318
3   319	021C  2B F8			     sub di, ax
3   320
3   321
3   322	021E  2B F8			     sub di, ax
3   323
3   324
3   325	0220  2B F8			     sub di, ax
3   326
3   327
3   328	0222  2B F8			     sub di, ax
3   329
3   330
3   331	0224  2B F8			     sub di, ax
3   332
3   333
3   334	0226  2B F8			     sub di, ax
3   335
3   336
3   337	0228  2B F8			     sub di, ax
3   338
3   339
3   340	022A  2B F8			     sub di, ax
3   341
3   342
Turbo Assembler	 Version 4.1	    03/02/23 20:55:57	    Page 7
memset.asm



3   343	022C  2B F8			     sub di, ax
3   344
3   345
3   346	022E  2B F8			     sub di, ax
3   347
3   348
3   349	0230  2B F8			     sub di, ax
3   350
3   351
3   352	0232  2B F8			     sub di, ax
3   353
3   354
3   355	0234  2B F8			     sub di, ax
3   356
3   357
3   358	0236  2B F8			     sub di, ax
3   359
3   360
3   361	0238  2B F8			     sub di, ax
3   362
3   363
3   364	023A  2B F8			     sub di, ax
3   365
3   366
3   367	023C  2B F8			     sub di, ax
3   368
3   369
3   370	023E  2B F8			     sub di, ax
3   371
3   372
3   373	0240  2B F8			     sub di, ax
3   374
3   375
3   376	0242  2B F8			     sub di, ax
3   377
3   378
3   379	0244  2B F8			     sub di, ax
3   380
3   381
3   382	0246  2B F8			     sub di, ax
3   383
3   384
3   385	0248  2B F8			     sub di, ax
3   386
3   387
3   388	024A  2B F8			     sub di, ax
3   389
3   390
3   391	024C  2B F8			     sub di, ax
3   392
3   393
3   394	024E  2B F8			     sub di, ax
3   395
3   396
3   397	0250  2B F8			     sub di, ax
3   398
3   399
Turbo Assembler	 Version 4.1	    03/02/23 20:55:57	    Page 8
memset.asm



3   400	0252  2B F8			     sub di, ax
3   401
3   402
3   403	0254  2B F8			     sub di, ax
3   404
3   405
3   406	0256  2B F8			     sub di, ax
3   407
3   408
3   409	0258  2B F8			     sub di, ax
3   410
3   411
3   412	025A  2B F8			     sub di, ax
3   413
3   414
3   415	025C  2B F8			     sub di, ax
3   416
3   417
3   418	025E  2B F8			     sub di, ax
3   419
3   420
3   421	0260  2B F8			     sub di, ax
3   422
3   423
3   424	0262  2B F8			     sub di, ax
3   425
3   426
3   427	0264  2B F8			     sub di, ax
3   428
3   429
3   430	0266  2B F8			     sub di, ax
3   431
3   432
3   433	0268  2B F8			     sub di, ax
3   434
3   435
3   436	026A  2B F8			     sub di, ax
3   437
3   438
3   439	026C  2B F8			     sub di, ax
3   440
3   441
3   442	026E  2B F8			     sub di, ax
3   443
3   444
3   445	0270  2B F8			     sub di, ax
3   446
3   447
3   448	0272  2B F8			     sub di, ax
3   449
3   450
3   451	0274  2B F8			     sub di, ax
3   452
3   453
3   454	0276  2B F8			     sub di, ax
3   455
3   456
Turbo Assembler	 Version 4.1	    03/02/23 20:55:57	    Page 9
memset.asm



3   457	0278  2B F8			     sub di, ax
3   458
3   459
3   460	027A  2B F8			     sub di, ax
3   461
3   462
3   463	027C  2B F8			     sub di, ax
3   464
3   465
3   466	027E  2B F8			     sub di, ax
3   467
3   468
3   469	0280  2B F8			     sub di, ax
3   470
3   471
3   472	0282  2B F8			     sub di, ax
3   473
3   474
3   475	0284  2B F8			     sub di, ax
3   476
3   477
3   478	0286  2B F8			     sub di, ax
3   479
3   480
3   481	0288  2B F8			     sub di, ax
3   482
3   483
3   484	028A  2B F8			     sub di, ax
3   485
3   486
3   487	028C  2B F8			     sub di, ax
3   488
3   489
3   490	028E  2B F8			     sub di, ax
3   491
3   492
3   493	0290  2B F8			     sub di, ax
3   494
3   495
3   496	0292  2B F8			     sub di, ax
3   497
3   498
3   499	0294  2B F8			     sub di, ax
3   500
3   501
3   502	0296  2B F8			     sub di, ax
3   503
3   504
3   505	0298  2B F8			     sub di, ax
3   506
3   507
3   508	029A  2B F8			     sub di, ax
3   509
3   510
3   511	029C  2B F8			     sub di, ax
3   512
3   513
Turbo Assembler	 Version 4.1	    03/02/23 20:55:57	    Page 10
memset.asm



3   514	029E  2B F8			     sub di, ax
3   515
3   516
3   517	02A0  2B F8			     sub di, ax
3   518
3   519
3   520	02A2  2B F8			     sub di, ax
3   521
3   522
3   523	02A4  2B F8			     sub di, ax
3   524
3   525
3   526	02A6  2B F8			     sub di, ax
3   527
3   528
3   529	02A8  2B F8			     sub di, ax
3   530
3   531
3   532	02AA  2B F8			     sub di, ax
3   533
3   534
3   535	02AC  2B F8			     sub di, ax
3   536
3   537
3   538	02AE  2B F8			     sub di, ax
3   539
3   540
3   541	02B0  2B F8			     sub di, ax
3   542
3   543
3   544	02B2  2B F8			     sub di, ax
3   545
3   546
3   547	02B4  2B F8			     sub di, ax
3   548
3   549
3   550	02B6  2B F8			     sub di, ax
3   551
3   552
3   553	02B8  2B F8			     sub di, ax
3   554
3   555
3   556	02BA  2B F8			     sub di, ax
3   557
3   558
3   559	02BC  2B F8			     sub di, ax
3   560
3   561
3   562	02BE  2B F8			     sub di, ax
3   563
3   564
3   565	02C0  2B F8			     sub di, ax
3   566
3   567
3   568	02C2  2B F8			     sub di, ax
3   569
3   570
Turbo Assembler	 Version 4.1	    03/02/23 20:55:57	    Page 11
memset.asm



3   571	02C4  2B F8			     sub di, ax
3   572
3   573
3   574	02C6  2B F8			     sub di, ax
3   575
3   576
3   577	02C8  2B F8			     sub di, ax
3   578
3   579
3   580	02CA  2B F8			     sub di, ax
3   581
3   582
3   583	02CC  2B F8			     sub di, ax
3   584
3   585
3   586	02CE  2B F8			     sub di, ax
3   587
3   588
3   589	02D0  2B F8			     sub di, ax
3   590
3   591
3   592	02D2  2B F8			     sub di, ax
3   593
3   594
3   595	02D4  2B F8			     sub di, ax
3   596
3   597
3   598	02D6  2B F8			     sub di, ax
3   599
3   600
3   601	02D8  2B F8			     sub di, ax
3   602
3   603
3   604	02DA  2B F8			     sub di, ax
3   605
3   606
3   607	02DC  2B F8			     sub di, ax
3   608
3   609
3   610	02DE  2B F8			     sub di, ax
3   611
3   612
3   613	02E0  2B F8			     sub di, ax
3   614
3   615
3   616	02E2  2B F8			     sub di, ax
3   617
3   618
3   619	02E4  2B F8			     sub di, ax
3   620
3   621
3   622	02E6  2B F8			     sub di, ax
3   623
3   624
3   625	02E8  2B F8			     sub di, ax
3   626
3   627
Turbo Assembler	 Version 4.1	    03/02/23 20:55:57	    Page 12
memset.asm



3   628	02EA  2B F8			     sub di, ax
3   629
3   630
3   631	02EC  2B F8			     sub di, ax
3   632
3   633
3   634	02EE  2B F8			     sub di, ax
3   635
3   636
3   637	02F0  2B F8			     sub di, ax
3   638
3   639
3   640	02F2  2B F8			     sub di, ax
3   641
3   642
3   643	02F4  2B F8			     sub di, ax
3   644
3   645
3   646	02F6  2B F8			     sub di, ax
3   647
3   648
3   649	02F8  2B F8			     sub di, ax
3   650
3   651
3   652	02FA  2B F8			     sub di, ax
3   653
3   654
3   655	02FC  2B F8			     sub di, ax
3   656
3   657
3   658	02FE  2B F8			     sub di, ax
3   659
3   660
3   661	0300  2B F8			     sub di, ax
3   662
3   663
3   664	0302  2B F8			     sub di, ax
3   665
3   666
3   667	0304  2B F8			     sub di, ax
3   668
3   669
3   670	0306  2B F8			     sub di, ax
3   671
3   672
3   673	0308  2B F8			     sub di, ax
3   674
3   675
3   676	030A  2B F8			     sub di, ax
3   677
3   678
3   679	030C  2B F8			     sub di, ax
3   680
3   681
3   682	030E  2B F8			     sub di, ax
3   683
3   684
Turbo Assembler	 Version 4.1	    03/02/23 20:55:57	    Page 13
memset.asm



3   685	0310  2B F8			     sub di, ax
3   686
3   687
3   688	0312  2B F8			     sub di, ax
3   689
3   690
3   691	0314  2B F8			     sub di, ax
3   692
3   693
3   694	0316  2B F8			     sub di, ax
3   695
3   696
3   697	0318  2B F8			     sub di, ax
3   698
3   699
3   700	031A  2B F8			     sub di, ax
3   701
3   702
3   703	031C  2B F8			     sub di, ax
3   704
2   705
2   706	031E  8A CE			     mov cl, dh
2   707	0320  32 ED			     xor ch, ch
2   708
2   709	0322  46			     inc si
2   710
2   711	0323			     @@Next:
2   712	0323  80 F9 00			     cmp cl, 0
2   713	0326  75 03			     jne not_smol_txt
2   714
2   715	0328  EB 22 90			     jmp smol_txt
2   716
2   717	032B			     not_smol_txt:
2   718
2   719	032B  B4 1E			     mov ah, 1Eh
2   720
2   721					     REPT 10
2   722
2   723					     lodsb
2   724					     stosw
2   725
2   726					     ENDM
3   727
3   728	032D  AC			     lodsb
3   729	032E  AB			     stosw
3   730
3   731
3   732	032F  AC			     lodsb
3   733	0330  AB			     stosw
3   734
3   735
3   736	0331  AC			     lodsb
3   737	0332  AB			     stosw
3   738
3   739
3   740	0333  AC			     lodsb
3   741	0334  AB			     stosw
Turbo Assembler	 Version 4.1	    03/02/23 20:55:57	    Page 14
memset.asm



3   742
3   743
3   744	0335  AC			     lodsb
3   745	0336  AB			     stosw
3   746
3   747
3   748	0337  AC			     lodsb
3   749	0338  AB			     stosw
3   750
3   751
3   752	0339  AC			     lodsb
3   753	033A  AB			     stosw
3   754
3   755
3   756	033B  AC			     lodsb
3   757	033C  AB			     stosw
3   758
3   759
3   760	033D  AC			     lodsb
3   761	033E  AB			     stosw
3   762
3   763
3   764	033F  AC			     lodsb
3   765	0340  AB			     stosw
3   766
2   767
2   768	0341  FE C9			     dec cl
2   769	0343  81 C7 008C		     add di, (80 - 10) * 2
2   770
2   771	0347  EB DA			     jmp @@Next
2   772
2   773	0349  83 C7 05			     add di, 5
2   774
2   775	034C			     smol_txt:
2   776	034C  8A C2			     mov al, dl
2   777	034E  32 E4			     xor ah, ah
2   778
2   779	0350  2B F8			     sub di, ax
2   780
2   781	0352  8B CA			     mov cx, dx
2   782	0354  32 ED			     xor ch, ch
2   783	0356  49			     dec cx
2   784
2   785	0357  B4 1E			     mov ah, 1Eh
2   786
2   787	0359  83 E7 FE			     and di, 0FFFEh		     ; need even di
2   788
2   789	035C			     @@Next2:
2   790
2   791	035C  AC			     lodsb
2   792	035D  AB			     stosw
2   793
2   794	035E  83 F9 00			     cmp cx, 0
2   795	0361  74 02			     je	@@ret			     ; cause loop incs cx
2   796
2   797	0363  E2 F7			     loop @@Next2
2   798
Turbo Assembler	 Version 4.1	    03/02/23 20:55:57	    Page 15
memset.asm



2   799	0365  C3		     @@ret:  ret
2   800	0366				     endp
1   801
1   802
1   803
    804
    805	0366  44 45 44 45 20 45	44+  frame   db	'D', 'E', 'D', 'E', ' ', 'E', 'D', 'E',	'D'
    806	      45 44
    807	036F  01 02 03 24	     jopa    db	1, 2, 3, '$'
    808	0373  0B 05 05 05 05 05	05+  outl    db	11, 5, 5, 5, 5,	5, 5, 5, 5, 5, 5
    809	      05 05 05 05
    810
    811				     end     Start
Turbo Assembler	 Version 4.1	    03/02/23 20:55:57	    Page 16
Symbol Table




Symbol Name			  Type	 Value

??DATE				  Text	 "03/02/23"
??FILENAME			  Text	 "memset  "
??TIME				  Text	 "20:55:56"
??VERSION			  Number 040A
@32BIT				  Text	 0
@@NEXT				  Near	 DGROUP:0125
@@NEXT				  Near	 DGROUP:01B9
@@NEXT				  Near	 DGROUP:0323
@@NEXT2				  Near	 DGROUP:035C
@@RET				  Near	 DGROUP:0365
@CODE				  Text	 DGROUP
@CODESIZE			  Text	 0
@CPU				  Text	 0101H
@CURSEG				  Text	 _TEXT
@DATA				  Text	 DGROUP
@DATASIZE			  Text	 0
@FILENAME			  Text	 MEMSET
@INTERFACE			  Text	 000H
@MODEL				  Text	 1
@STACK				  Text	 DGROUP
@WORDSIZE			  Text	 2
BORDER				  Near	 DGROUP:0160
FOUT				  Near	 DGROUP:012F
FRAME				  Byte	 DGROUP:0366
JOPA				  Byte	 DGROUP:036F
MEMSET				  Near	 DGROUP:0119
NOT_SMOL_TXT			  Near	 DGROUP:032B
NOT_SMOL_TXT1			  Near	 DGROUP:01D3
OUTL				  Byte	 DGROUP:0373
SMOL_TXT			  Near	 DGROUP:034C
START				  Near	 DGROUP:0100
STRING				  Near	 DGROUP:01AF
TEXT				  Near	 DGROUP:01C4
ZALOOP				  Near	 DGROUP:018C

Groups & Segments		  Bit Size Align  Combine Class

DGROUP				  Group
  _DATA				  16  0000 Word	  Public  DATA
  _TEXT				  16  037E Word	  Public  CODE
